<?xml version="1.0" encoding="UTF-8"?>
<coverage generated="1680127685747" clover="3.2.0">
  <project timestamp="1680127685747" name="All files">
    <metrics statements="23" coveredstatements="23" conditionals="5" coveredconditionals="5" methods="9" coveredmethods="9" elements="37" coveredelements="37" complexity="0" loc="23" ncloc="23" packages="1" files="2" classes="2"/>
    <file name="AuthTokenGenerator.ts" path="D:\Users\diogo\Documents\testes\testes_automatizados\testes_backend\src\Tools\AuthTokenGenerator.ts">
      <metrics statements="4" coveredstatements="4" conditionals="0" coveredconditionals="0" methods="1" coveredmethods="1"/>
      <line num="1" count="1" type="stmt"/>
      <line num="3" count="1" type="stmt"/>
      <line num="4" count="4" type="stmt"/>
      <line num="6" count="1" type="stmt"/>
    </file>
    <file name="sectionManager.ts" path="D:\Users\diogo\Documents\testes\testes_automatizados\testes_backend\src\Tools\sectionManager.ts">
      <metrics statements="19" coveredstatements="19" conditionals="5" coveredconditionals="5" methods="8" coveredmethods="8"/>
      <line num="3" count="4" type="stmt"/>
      <line num="4" count="4" type="stmt"/>
      <line num="16" count="6" type="stmt"/>
      <line num="19" count="6" type="cond" truecount="2" falsecount="0"/>
      <line num="20" count="6" type="cond" truecount="1" falsecount="0"/>
      <line num="21" count="2" type="stmt"/>
      <line num="23" count="4" type="stmt"/>
      <line num="24" count="4" type="stmt"/>
      <line num="25" count="4" type="stmt"/>
      <line num="28" count="2" type="stmt"/>
      <line num="29" count="2" type="cond" truecount="1" falsecount="0"/>
      <line num="30" count="1" type="stmt"/>
      <line num="32" count="1" type="stmt"/>
      <line num="35" count="2" type="stmt"/>
      <line num="36" count="2" type="cond" truecount="1" falsecount="0"/>
      <line num="37" count="1" type="stmt"/>
      <line num="39" count="1" type="stmt"/>
      <line num="40" count="1" type="stmt"/>
      <line num="44" count="1" type="stmt"/>
    </file>
  </project>
</coverage>
