{"D:\\Users\\diogo\\Documents\\testes\\testes_automatizados\\testes_backend\\src\\Databases\\UserDatabase.ts": {"path":"D:\\Users\\diogo\\Documents\\testes\\testes_automatizados\\testes_backend\\src\\Databases\\UserDatabase.ts","statementMap":{"0":{"start":{"line":1,"column":0},"end":{"line":1,"column":47}},"1":{"start":{"line":2,"column":0},"end":{"line":2,"column":25}},"2":{"start":{"line":19,"column":23},"end":{"line":19,"column":41}},"3":{"start":{"line":20,"column":6},"end":{"line":20,"column":25}},"4":{"start":{"line":21,"column":6},"end":{"line":21,"column":26}},"5":{"start":{"line":25,"column":6},"end":{"line":33,"column":null}},"6":{"start":{"line":26,"column":21},"end":{"line":26,"column":67}},"7":{"start":{"line":27,"column":25},"end":{"line":27,"column":52}},"8":{"start":{"line":28,"column":8},"end":{"line":30,"column":null}},"9":{"start":{"line":29,"column":10},"end":{"line":29,"column":37}},"10":{"start":{"line":32,"column":8},"end":{"line":32,"column":27}},"11":{"start":{"line":36,"column":6},"end":{"line":36,"column":86}},"12":{"start":{"line":40,"column":6},"end":{"line":42,"column":null}},"13":{"start":{"line":41,"column":8},"end":{"line":41,"column":21}},"14":{"start":{"line":43,"column":15},"end":{"line":43,"column":89}},"15":{"start":{"line":44,"column":17},"end":{"line":44,"column":52}},"16":{"start":{"line":45,"column":6},"end":{"line":45,"column":31}},"17":{"start":{"line":46,"column":6},"end":{"line":46,"column":26}},"18":{"start":{"line":47,"column":6},"end":{"line":47,"column":18}},"19":{"start":{"line":51,"column":6},"end":{"line":51,"column":62}},"20":{"start":{"line":51,"column":40},"end":{"line":51,"column":60}},"21":{"start":{"line":55,"column":6},"end":{"line":55,"column":56}},"22":{"start":{"line":55,"column":40},"end":{"line":55,"column":54}},"23":{"start":{"line":59,"column":20},"end":{"line":59,"column":67}},"24":{"start":{"line":59,"column":52},"end":{"line":59,"column":66}},"25":{"start":{"line":60,"column":6},"end":{"line":64,"column":null}},"26":{"start":{"line":61,"column":8},"end":{"line":61,"column":39}},"27":{"start":{"line":62,"column":8},"end":{"line":62,"column":28}},"28":{"start":{"line":63,"column":8},"end":{"line":63,"column":20}},"29":{"start":{"line":65,"column":6},"end":{"line":65,"column":19}},"30":{"start":{"line":69,"column":6},"end":{"line":69,"column":62}},"31":{"start":{"line":69,"column":40},"end":{"line":69,"column":60}},"32":{"start":{"line":74,"column":20},"end":{"line":74,"column":71}},"33":{"start":{"line":74,"column":52},"end":{"line":74,"column":70}},"34":{"start":{"line":75,"column":8},"end":{"line":77,"column":null}},"35":{"start":{"line":76,"column":12},"end":{"line":76,"column":29}},"36":{"start":{"line":78,"column":8},"end":{"line":78,"column":41}},"37":{"start":{"line":81,"column":18},"end":{"line":81,"column":69}},"38":{"start":{"line":81,"column":50},"end":{"line":81,"column":68}},"39":{"start":{"line":82,"column":6},"end":{"line":84,"column":null}},"40":{"start":{"line":83,"column":10},"end":{"line":83,"column":23}},"41":{"start":{"line":86,"column":8},"end":{"line":86,"column":68}},"42":{"start":{"line":86,"column":49},"end":{"line":86,"column":67}},"43":{"start":{"line":87,"column":6},"end":{"line":91,"column":null}},"44":{"start":{"line":88,"column":8},"end":{"line":88,"column":63}},"45":{"start":{"line":89,"column":8},"end":{"line":89,"column":28}},"46":{"start":{"line":90,"column":8},"end":{"line":90,"column":20}},"47":{"start":{"line":92,"column":6},"end":{"line":92,"column":52}},"48":{"start":{"line":93,"column":6},"end":{"line":93,"column":null}},"49":{"start":{"line":96,"column":18},"end":{"line":96,"column":69}},"50":{"start":{"line":96,"column":50},"end":{"line":96,"column":68}},"51":{"start":{"line":97,"column":6},"end":{"line":99,"column":null}},"52":{"start":{"line":98,"column":10},"end":{"line":98,"column":23}},"53":{"start":{"line":101,"column":8},"end":{"line":101,"column":68}},"54":{"start":{"line":101,"column":49},"end":{"line":101,"column":67}},"55":{"start":{"line":102,"column":6},"end":{"line":109,"column":null}},"56":{"start":{"line":103,"column":8},"end":{"line":103,"column":63}},"57":{"start":{"line":104,"column":8},"end":{"line":106,"column":null}},"58":{"start":{"line":105,"column":10},"end":{"line":105,"column":67}},"59":{"start":{"line":107,"column":8},"end":{"line":107,"column":28}},"60":{"start":{"line":108,"column":8},"end":{"line":108,"column":20}},"61":{"start":{"line":110,"column":6},"end":{"line":110,"column":19}},"62":{"start":{"line":114,"column":2},"end":{"line":114,"column":30}}},"fnMap":{"0":{"name":"(anonymous_7)","decl":{"start":{"line":19,"column":4},"end":{"line":19,"column":23}},"loc":{"start":{"line":19,"column":48},"end":{"line":22,"column":5}}},"1":{"name":"(anonymous_8)","decl":{"start":{"line":24,"column":12},"end":{"line":24,"column":24}},"loc":{"start":{"line":24,"column":24},"end":{"line":34,"column":5}}},"2":{"name":"(anonymous_9)","decl":{"start":{"line":35,"column":12},"end":{"line":35,"column":24}},"loc":{"start":{"line":35,"column":24},"end":{"line":37,"column":5}}},"3":{"name":"(anonymous_10)","decl":{"start":{"line":39,"column":4},"end":{"line":39,"column":14}},"loc":{"start":{"line":39,"column":60},"end":{"line":48,"column":5}}},"4":{"name":"(anonymous_11)","decl":{"start":{"line":50,"column":4},"end":{"line":50,"column":19}},"loc":{"start":{"line":50,"column":33},"end":{"line":52,"column":5}}},"5":{"name":"(anonymous_12)","decl":{"start":{"line":51,"column":32},"end":{"line":51,"column":36}},"loc":{"start":{"line":51,"column":40},"end":{"line":51,"column":60}}},"6":{"name":"(anonymous_13)","decl":{"start":{"line":54,"column":4},"end":{"line":54,"column":16}},"loc":{"start":{"line":54,"column":27},"end":{"line":56,"column":5}}},"7":{"name":"(anonymous_14)","decl":{"start":{"line":55,"column":32},"end":{"line":55,"column":36}},"loc":{"start":{"line":55,"column":40},"end":{"line":55,"column":54}}},"8":{"name":"(anonymous_15)","decl":{"start":{"line":58,"column":4},"end":{"line":58,"column":15}},"loc":{"start":{"line":58,"column":26},"end":{"line":66,"column":5}}},"9":{"name":"(anonymous_16)","decl":{"start":{"line":59,"column":44},"end":{"line":59,"column":48}},"loc":{"start":{"line":59,"column":52},"end":{"line":59,"column":66}}},"10":{"name":"(anonymous_17)","decl":{"start":{"line":68,"column":4},"end":{"line":68,"column":14}},"loc":{"start":{"line":68,"column":28},"end":{"line":70,"column":5}}},"11":{"name":"(anonymous_18)","decl":{"start":{"line":69,"column":32},"end":{"line":69,"column":36}},"loc":{"start":{"line":69,"column":40},"end":{"line":69,"column":60}}},"12":{"name":"(anonymous_19)","decl":{"start":{"line":72,"column":4},"end":{"line":72,"column":15}},"loc":{"start":{"line":72,"column":30},"end":{"line":79,"column":5}}},"13":{"name":"(anonymous_20)","decl":{"start":{"line":74,"column":44},"end":{"line":74,"column":48}},"loc":{"start":{"line":74,"column":52},"end":{"line":74,"column":70}}},"14":{"name":"(anonymous_21)","decl":{"start":{"line":80,"column":4},"end":{"line":80,"column":17}},"loc":{"start":{"line":80,"column":50},"end":{"line":94,"column":5}}},"15":{"name":"(anonymous_22)","decl":{"start":{"line":81,"column":42},"end":{"line":81,"column":46}},"loc":{"start":{"line":81,"column":50},"end":{"line":81,"column":68}}},"16":{"name":"(anonymous_23)","decl":{"start":{"line":86,"column":44},"end":{"line":86,"column":45}},"loc":{"start":{"line":86,"column":49},"end":{"line":86,"column":67}}},"17":{"name":"(anonymous_24)","decl":{"start":{"line":95,"column":4},"end":{"line":95,"column":22}},"loc":{"start":{"line":95,"column":55},"end":{"line":111,"column":5}}},"18":{"name":"(anonymous_25)","decl":{"start":{"line":96,"column":42},"end":{"line":96,"column":46}},"loc":{"start":{"line":96,"column":50},"end":{"line":96,"column":68}}},"19":{"name":"(anonymous_26)","decl":{"start":{"line":101,"column":44},"end":{"line":101,"column":45}},"loc":{"start":{"line":101,"column":49},"end":{"line":101,"column":67}}}},"branchMap":{"0":{"loc":{"start":{"line":19,"column":23},"end":{"line":19,"column":48}},"type":"default-arg","locations":[{"start":{"line":19,"column":41},"end":{"line":19,"column":48}}]},"1":{"loc":{"start":{"line":28,"column":8},"end":{"line":30,"column":null}},"type":"if","locations":[{"start":{"line":28,"column":8},"end":{"line":30,"column":null}}]},"2":{"loc":{"start":{"line":40,"column":6},"end":{"line":42,"column":null}},"type":"if","locations":[{"start":{"line":40,"column":6},"end":{"line":42,"column":null}}]},"3":{"loc":{"start":{"line":43,"column":15},"end":{"line":43,"column":89}},"type":"cond-expr","locations":[{"start":{"line":43,"column":41},"end":{"line":43,"column":42}},{"start":{"line":43,"column":45},"end":{"line":43,"column":89}}]},"4":{"loc":{"start":{"line":60,"column":6},"end":{"line":64,"column":null}},"type":"if","locations":[{"start":{"line":60,"column":6},"end":{"line":64,"column":null}}]},"5":{"loc":{"start":{"line":75,"column":8},"end":{"line":77,"column":null}},"type":"if","locations":[{"start":{"line":75,"column":8},"end":{"line":77,"column":null}}]},"6":{"loc":{"start":{"line":82,"column":6},"end":{"line":84,"column":null}},"type":"if","locations":[{"start":{"line":82,"column":6},"end":{"line":84,"column":null}}]},"7":{"loc":{"start":{"line":87,"column":6},"end":{"line":91,"column":null}},"type":"if","locations":[{"start":{"line":87,"column":6},"end":{"line":91,"column":null}}]},"8":{"loc":{"start":{"line":97,"column":6},"end":{"line":99,"column":null}},"type":"if","locations":[{"start":{"line":97,"column":6},"end":{"line":99,"column":null}}]},"9":{"loc":{"start":{"line":102,"column":6},"end":{"line":109,"column":null}},"type":"if","locations":[{"start":{"line":102,"column":6},"end":{"line":109,"column":null}}]},"10":{"loc":{"start":{"line":104,"column":8},"end":{"line":106,"column":null}},"type":"if","locations":[{"start":{"line":104,"column":8},"end":{"line":106,"column":null}}]}},"s":{"0":1,"1":1,"2":24,"3":24,"4":24,"5":24,"6":24,"7":22,"8":19,"9":19,"10":5,"11":19,"12":16,"13":1,"14":15,"15":15,"16":15,"17":15,"18":15,"19":2,"20":2,"21":3,"22":3,"23":2,"24":3,"25":2,"26":1,"27":1,"28":1,"29":1,"30":16,"31":2,"32":7,"33":7,"34":7,"35":1,"36":6,"37":7,"38":7,"39":7,"40":1,"41":6,"42":1,"43":6,"44":1,"45":1,"46":1,"47":5,"48":5,"49":4,"50":4,"51":4,"52":1,"53":3,"54":2,"55":3,"56":2,"57":2,"58":2,"59":2,"60":2,"61":1,"62":1},"f":{"0":24,"1":24,"2":19,"3":16,"4":2,"5":2,"6":3,"7":3,"8":2,"9":3,"10":16,"11":2,"12":7,"13":7,"14":7,"15":7,"16":1,"17":4,"18":4,"19":2},"b":{"0":[1],"1":[19],"2":[1],"3":[14,1],"4":[1],"5":[1],"6":[1],"7":[1],"8":[1],"9":[2],"10":[2]}}
,"D:\\Users\\diogo\\Documents\\testes\\testes_automatizados\\testes_backend\\src\\Databases\\productsDatabase.ts": {"path":"D:\\Users\\diogo\\Documents\\testes\\testes_automatizados\\testes_backend\\src\\Databases\\productsDatabase.ts","statementMap":{"0":{"start":{"line":1,"column":0},"end":{"line":1,"column":20}},"1":{"start":{"line":2,"column":0},"end":{"line":2,"column":62}},"2":{"start":{"line":14,"column":23},"end":{"line":14,"column":42}},"3":{"start":{"line":15,"column":6},"end":{"line":25,"column":8}},"4":{"start":{"line":17,"column":10},"end":{"line":23,"column":null}},"5":{"start":{"line":29,"column":6},"end":{"line":29,"column":58}},"6":{"start":{"line":29,"column":42},"end":{"line":29,"column":56}},"7":{"start":{"line":33,"column":6},"end":{"line":33,"column":62}},"8":{"start":{"line":33,"column":42},"end":{"line":33,"column":60}},"9":{"start":{"line":37,"column":28},"end":{"line":37,"column":33}},"10":{"start":{"line":38,"column":17},"end":{"line":38,"column":23}},"11":{"start":{"line":39,"column":23},"end":{"line":39,"column":45}},"12":{"start":{"line":40,"column":21},"end":{"line":40,"column":49}},"13":{"start":{"line":41,"column":6},"end":{"line":41,"column":null}},"14":{"start":{"line":11,"column":0},"end":{"line":11,"column":13}}},"fnMap":{"0":{"name":"(anonymous_1)","decl":{"start":{"line":14,"column":4},"end":{"line":14,"column":23}},"loc":{"start":{"line":14,"column":52},"end":{"line":26,"column":5}}},"1":{"name":"(anonymous_2)","decl":{"start":{"line":16,"column":8},"end":{"line":16,"column":9}},"loc":{"start":{"line":17,"column":10},"end":{"line":23,"column":null}}},"2":{"name":"(anonymous_3)","decl":{"start":{"line":28,"column":4},"end":{"line":28,"column":15}},"loc":{"start":{"line":28,"column":26},"end":{"line":30,"column":5}}},"3":{"name":"(anonymous_4)","decl":{"start":{"line":29,"column":32},"end":{"line":29,"column":33}},"loc":{"start":{"line":29,"column":42},"end":{"line":29,"column":56}}},"4":{"name":"(anonymous_5)","decl":{"start":{"line":32,"column":4},"end":{"line":32,"column":17}},"loc":{"start":{"line":32,"column":30},"end":{"line":34,"column":5}}},"5":{"name":"(anonymous_6)","decl":{"start":{"line":33,"column":32},"end":{"line":33,"column":33}},"loc":{"start":{"line":33,"column":42},"end":{"line":33,"column":60}}},"6":{"name":"(anonymous_7)","decl":{"start":{"line":36,"column":4},"end":{"line":36,"column":15}},"loc":{"start":{"line":36,"column":45},"end":{"line":42,"column":5}}}},"branchMap":{"0":{"loc":{"start":{"line":14,"column":23},"end":{"line":14,"column":52}},"type":"default-arg","locations":[{"start":{"line":14,"column":42},"end":{"line":14,"column":52}}]}},"s":{"0":1,"1":1,"2":10,"3":10,"4":64,"5":2,"6":8,"7":2,"8":9,"9":2,"10":2,"11":2,"12":2,"13":2,"14":1},"f":{"0":10,"1":64,"2":2,"3":8,"4":2,"5":9,"6":2},"b":{"0":[1]}}
,"D:\\Users\\diogo\\Documents\\testes\\testes_automatizados\\testes_backend\\src\\Entities\\storeItem.ts": {"path":"D:\\Users\\diogo\\Documents\\testes\\testes_automatizados\\testes_backend\\src\\Entities\\storeItem.ts","statementMap":{"0":{"start":{"line":12,"column":13},"end":{"line":12,"column":23}},"1":{"start":{"line":13,"column":13},"end":{"line":13,"column":26}},"2":{"start":{"line":14,"column":13},"end":{"line":14,"column":25}},"3":{"start":{"line":15,"column":13},"end":{"line":15,"column":26}},"4":{"start":{"line":16,"column":13},"end":{"line":16,"column":29}},"5":{"start":{"line":17,"column":13},"end":{"line":17,"column":28}},"6":{"start":{"line":21,"column":0},"end":{"line":21,"column":25}}},"fnMap":{"0":{"name":"(anonymous_0)","decl":{"start":{"line":11,"column":4},"end":{"line":11,"column":null}},"loc":{"start":{"line":17,"column":28},"end":{"line":18,"column":8}}}},"branchMap":{},"s":{"0":112,"1":112,"2":112,"3":112,"4":112,"5":112,"6":1},"f":{"0":112},"b":{}}
,"D:\\Users\\diogo\\Documents\\testes\\testes_automatizados\\testes_backend\\src\\Entities\\user.ts": {"path":"D:\\Users\\diogo\\Documents\\testes\\testes_automatizados\\testes_backend\\src\\Entities\\user.ts","statementMap":{"0":{"start":{"line":12,"column":13},"end":{"line":12,"column":23}},"1":{"start":{"line":13,"column":13},"end":{"line":13,"column":25}},"2":{"start":{"line":14,"column":13},"end":{"line":14,"column":26}},"3":{"start":{"line":15,"column":13},"end":{"line":15,"column":29}},"4":{"start":{"line":9,"column":9},"end":{"line":9,"column":70}},"5":{"start":{"line":18,"column":0},"end":{"line":18,"column":20}}},"fnMap":{"0":{"name":"(anonymous_0)","decl":{"start":{"line":11,"column":4},"end":{"line":11,"column":null}},"loc":{"start":{"line":15,"column":29},"end":{"line":16,"column":8}}}},"branchMap":{},"s":{"0":26,"1":26,"2":26,"3":26,"4":26,"5":1},"f":{"0":26},"b":{}}
,"D:\\Users\\diogo\\Documents\\testes\\testes_automatizados\\testes_backend\\src\\Tools\\AuthTokenGenerator.ts": {"path":"D:\\Users\\diogo\\Documents\\testes\\testes_automatizados\\testes_backend\\src\\Tools\\AuthTokenGenerator.ts","statementMap":{"0":{"start":{"line":1,"column":0},"end":{"line":1,"column":28}},"1":{"start":{"line":3,"column":26},"end":{"line":5,"column":1}},"2":{"start":{"line":4,"column":2},"end":{"line":4,"column":48}},"3":{"start":{"line":6,"column":0},"end":{"line":6,"column":null}}},"fnMap":{"0":{"name":"(anonymous_1)","decl":{"start":{"line":3,"column":26},"end":{"line":3,"column":37}},"loc":{"start":{"line":3,"column":39},"end":{"line":5,"column":1}}}},"branchMap":{},"s":{"0":1,"1":1,"2":4,"3":1},"f":{"0":4},"b":{}}
,"D:\\Users\\diogo\\Documents\\testes\\testes_automatizados\\testes_backend\\src\\useCases\\cartManagement.ts": {"path":"D:\\Users\\diogo\\Documents\\testes\\testes_automatizados\\testes_backend\\src\\useCases\\cartManagement.ts","statementMap":{"0":{"start":{"line":10,"column":23},"end":{"line":10,"column":50}},"1":{"start":{"line":13,"column":23},"end":{"line":13,"column":56}},"2":{"start":{"line":14,"column":8},"end":{"line":16,"column":null}},"3":{"start":{"line":15,"column":12},"end":{"line":15,"column":53}},"4":{"start":{"line":17,"column":8},"end":{"line":17,"column":57}},"5":{"start":{"line":21,"column":23},"end":{"line":21,"column":69}},"6":{"start":{"line":22,"column":8},"end":{"line":24,"column":null}},"7":{"start":{"line":23,"column":12},"end":{"line":23,"column":52}},"8":{"start":{"line":25,"column":8},"end":{"line":25,"column":61}},"9":{"start":{"line":29,"column":25},"end":{"line":29,"column":76}},"10":{"start":{"line":30,"column":8},"end":{"line":32,"column":null}},"11":{"start":{"line":31,"column":12},"end":{"line":31,"column":53}},"12":{"start":{"line":33,"column":8},"end":{"line":33,"column":63}},"13":{"start":{"line":9,"column":0},"end":{"line":9,"column":13}}},"fnMap":{"0":{"name":"(anonymous_7)","decl":{"start":{"line":10,"column":4},"end":{"line":10,"column":23}},"loc":{"start":{"line":10,"column":50},"end":{"line":10,"column":54}}},"1":{"name":"(anonymous_8)","decl":{"start":{"line":12,"column":10},"end":{"line":12,"column":21}},"loc":{"start":{"line":12,"column":32},"end":{"line":18,"column":null}}},"2":{"name":"(anonymous_10)","decl":{"start":{"line":20,"column":10},"end":{"line":20,"column":23}},"loc":{"start":{"line":20,"column":54},"end":{"line":26,"column":null}}},"3":{"name":"(anonymous_12)","decl":{"start":{"line":28,"column":10},"end":{"line":28,"column":28}},"loc":{"start":{"line":28,"column":59},"end":{"line":34,"column":null}}}},"branchMap":{"0":{"loc":{"start":{"line":14,"column":8},"end":{"line":16,"column":null}},"type":"if","locations":[{"start":{"line":14,"column":8},"end":{"line":16,"column":null}}]},"1":{"loc":{"start":{"line":22,"column":8},"end":{"line":24,"column":null}},"type":"if","locations":[{"start":{"line":22,"column":8},"end":{"line":24,"column":null}}]},"2":{"loc":{"start":{"line":30,"column":8},"end":{"line":32,"column":null}},"type":"if","locations":[{"start":{"line":30,"column":8},"end":{"line":32,"column":null}}]}},"s":{"0":6,"1":2,"2":2,"3":1,"4":1,"5":2,"6":2,"7":1,"8":1,"9":2,"10":2,"11":1,"12":1,"13":1},"f":{"0":6,"1":2,"2":2,"3":2},"b":{"0":[1],"1":[1],"2":[1]}}
,"D:\\Users\\diogo\\Documents\\testes\\testes_automatizados\\testes_backend\\src\\useCases\\productFinder.ts": {"path":"D:\\Users\\diogo\\Documents\\testes\\testes_automatizados\\testes_backend\\src\\useCases\\productFinder.ts","statementMap":{"0":{"start":{"line":10,"column":23},"end":{"line":10,"column":57}},"1":{"start":{"line":13,"column":22},"end":{"line":13,"column":59}},"2":{"start":{"line":14,"column":8},"end":{"line":16,"column":null}},"3":{"start":{"line":15,"column":12},"end":{"line":15,"column":61}},"4":{"start":{"line":17,"column":8},"end":{"line":17,"column":null}},"5":{"start":{"line":21,"column":23},"end":{"line":21,"column":70}},"6":{"start":{"line":22,"column":8},"end":{"line":24,"column":null}},"7":{"start":{"line":23,"column":12},"end":{"line":23,"column":67}},"8":{"start":{"line":25,"column":8},"end":{"line":25,"column":null}},"9":{"start":{"line":29,"column":22},"end":{"line":29,"column":63}},"10":{"start":{"line":30,"column":8},"end":{"line":32,"column":null}},"11":{"start":{"line":31,"column":12},"end":{"line":31,"column":61}},"12":{"start":{"line":33,"column":8},"end":{"line":33,"column":null}},"13":{"start":{"line":9,"column":0},"end":{"line":9,"column":13}}},"fnMap":{"0":{"name":"(anonymous_7)","decl":{"start":{"line":10,"column":4},"end":{"line":10,"column":23}},"loc":{"start":{"line":10,"column":57},"end":{"line":10,"column":60}}},"1":{"name":"(anonymous_8)","decl":{"start":{"line":12,"column":10},"end":{"line":12,"column":20}},"loc":{"start":{"line":12,"column":31},"end":{"line":18,"column":null}}},"2":{"name":"(anonymous_10)","decl":{"start":{"line":20,"column":10},"end":{"line":20,"column":21}},"loc":{"start":{"line":20,"column":51},"end":{"line":26,"column":null}}},"3":{"name":"(anonymous_12)","decl":{"start":{"line":28,"column":10},"end":{"line":28,"column":21}},"loc":{"start":{"line":28,"column":34},"end":{"line":34,"column":null}}}},"branchMap":{"0":{"loc":{"start":{"line":14,"column":8},"end":{"line":16,"column":null}},"type":"if","locations":[{"start":{"line":14,"column":8},"end":{"line":16,"column":null}}]},"1":{"loc":{"start":{"line":22,"column":8},"end":{"line":24,"column":null}},"type":"if","locations":[{"start":{"line":22,"column":8},"end":{"line":24,"column":null}}]},"2":{"loc":{"start":{"line":30,"column":8},"end":{"line":32,"column":null}},"type":"if","locations":[{"start":{"line":30,"column":8},"end":{"line":32,"column":null}}]}},"s":{"0":6,"1":2,"2":2,"3":1,"4":1,"5":2,"6":2,"7":1,"8":1,"9":2,"10":2,"11":1,"12":1,"13":1},"f":{"0":6,"1":2,"2":2,"3":2},"b":{"0":[1],"1":[1],"2":[1]}}
,"D:\\Users\\diogo\\Documents\\testes\\testes_automatizados\\testes_backend\\src\\useCases\\sectionManager.ts": {"path":"D:\\Users\\diogo\\Documents\\testes\\testes_automatizados\\testes_backend\\src\\useCases\\sectionManager.ts","statementMap":{"0":{"start":{"line":3,"column":15},"end":{"line":3,"column":31}},"1":{"start":{"line":4,"column":15},"end":{"line":4,"column":28}},"2":{"start":{"line":1,"column":0},"end":{"line":1,"column":13}},"3":{"start":{"line":15,"column":4},"end":{"line":15,"column":42}},"4":{"start":{"line":18,"column":20},"end":{"line":18,"column":101}},"5":{"start":{"line":18,"column":54},"end":{"line":18,"column":100}},"6":{"start":{"line":19,"column":8},"end":{"line":21,"column":null}},"7":{"start":{"line":20,"column":12},"end":{"line":20,"column":61}},"8":{"start":{"line":22,"column":27},"end":{"line":22,"column":56}},"9":{"start":{"line":23,"column":8},"end":{"line":23,"column":45}},"10":{"start":{"line":24,"column":8},"end":{"line":24,"column":33}},"11":{"start":{"line":27,"column":20},"end":{"line":27,"column":79}},"12":{"start":{"line":27,"column":54},"end":{"line":27,"column":78}},"13":{"start":{"line":28,"column":8},"end":{"line":30,"column":null}},"14":{"start":{"line":29,"column":12},"end":{"line":29,"column":66}},"15":{"start":{"line":31,"column":8},"end":{"line":31,"column":66}},"16":{"start":{"line":34,"column":20},"end":{"line":34,"column":79}},"17":{"start":{"line":34,"column":54},"end":{"line":34,"column":78}},"18":{"start":{"line":35,"column":8},"end":{"line":37,"column":null}},"19":{"start":{"line":36,"column":12},"end":{"line":36,"column":75}},"20":{"start":{"line":38,"column":8},"end":{"line":38,"column":42}},"21":{"start":{"line":39,"column":8},"end":{"line":39,"column":59}},"22":{"start":{"line":14,"column":0},"end":{"line":14,"column":13}}},"fnMap":{"0":{"name":"(anonymous_0)","decl":{"start":{"line":2,"column":4},"end":{"line":2,"column":null}},"loc":{"start":{"line":4,"column":28},"end":{"line":5,"column":7}}},"1":{"name":"(anonymous_1)","decl":{"start":{"line":14,"column":0},"end":{"line":14,"column":13}},"loc":{"start":{"line":14,"column":0},"end":{"line":41,"column":1}}},"2":{"name":"(anonymous_2)","decl":{"start":{"line":17,"column":4},"end":{"line":17,"column":17}},"loc":{"start":{"line":17,"column":48},"end":{"line":25,"column":5}}},"3":{"name":"(anonymous_3)","decl":{"start":{"line":18,"column":50},"end":{"line":18,"column":51}},"loc":{"start":{"line":18,"column":54},"end":{"line":18,"column":100}}},"4":{"name":"(anonymous_4)","decl":{"start":{"line":26,"column":4},"end":{"line":26,"column":13}},"loc":{"start":{"line":26,"column":30},"end":{"line":32,"column":5}}},"5":{"name":"(anonymous_5)","decl":{"start":{"line":27,"column":50},"end":{"line":27,"column":51}},"loc":{"start":{"line":27,"column":54},"end":{"line":27,"column":78}}},"6":{"name":"(anonymous_6)","decl":{"start":{"line":33,"column":4},"end":{"line":33,"column":18}},"loc":{"start":{"line":33,"column":35},"end":{"line":40,"column":5}}},"7":{"name":"(anonymous_7)","decl":{"start":{"line":34,"column":50},"end":{"line":34,"column":51}},"loc":{"start":{"line":34,"column":54},"end":{"line":34,"column":78}}}},"branchMap":{"0":{"loc":{"start":{"line":18,"column":54},"end":{"line":18,"column":100}},"type":"binary-expr","locations":[{"start":{"line":18,"column":54},"end":{"line":18,"column":78}},{"start":{"line":18,"column":82},"end":{"line":18,"column":100}}]},"1":{"loc":{"start":{"line":19,"column":8},"end":{"line":21,"column":null}},"type":"if","locations":[{"start":{"line":19,"column":8},"end":{"line":21,"column":null}}]},"2":{"loc":{"start":{"line":28,"column":8},"end":{"line":30,"column":null}},"type":"if","locations":[{"start":{"line":28,"column":8},"end":{"line":30,"column":null}}]},"3":{"loc":{"start":{"line":35,"column":8},"end":{"line":37,"column":null}},"type":"if","locations":[{"start":{"line":35,"column":8},"end":{"line":37,"column":null}}]}},"s":{"0":4,"1":4,"2":1,"3":6,"4":6,"5":2,"6":6,"7":2,"8":4,"9":4,"10":4,"11":2,"12":1,"13":2,"14":1,"15":1,"16":2,"17":1,"18":2,"19":1,"20":1,"21":1,"22":1},"f":{"0":4,"1":6,"2":6,"3":2,"4":2,"5":1,"6":2,"7":1},"b":{"0":[2,1],"1":[2],"2":[1],"3":[1]}}
,"D:\\Users\\diogo\\Documents\\testes\\testes_automatizados\\testes_backend\\src\\useCases\\userManagement.ts": {"path":"D:\\Users\\diogo\\Documents\\testes\\testes_automatizados\\testes_backend\\src\\useCases\\userManagement.ts","statementMap":{"0":{"start":{"line":11,"column":15},"end":{"line":11,"column":42}},"1":{"start":{"line":15,"column":19},"end":{"line":15,"column":59}},"2":{"start":{"line":16,"column":8},"end":{"line":18,"column":null}},"3":{"start":{"line":17,"column":12},"end":{"line":17,"column":63}},"4":{"start":{"line":19,"column":8},"end":{"line":21,"column":null}},"5":{"start":{"line":20,"column":12},"end":{"line":20,"column":72}},"6":{"start":{"line":22,"column":8},"end":{"line":22,"column":40}},"7":{"start":{"line":26,"column":8},"end":{"line":28,"column":null}},"8":{"start":{"line":27,"column":12},"end":{"line":27,"column":69}},"9":{"start":{"line":29,"column":8},"end":{"line":31,"column":null}},"10":{"start":{"line":30,"column":12},"end":{"line":30,"column":64}},"11":{"start":{"line":32,"column":8},"end":{"line":32,"column":59}},"12":{"start":{"line":36,"column":19},"end":{"line":36,"column":53}},"13":{"start":{"line":37,"column":8},"end":{"line":39,"column":null}},"14":{"start":{"line":38,"column":12},"end":{"line":38,"column":null}},"15":{"start":{"line":40,"column":8},"end":{"line":40,"column":73}},"16":{"start":{"line":9,"column":0},"end":{"line":9,"column":13}},"17":{"start":{"line":45,"column":4},"end":{"line":50,"column":7}},"18":{"start":{"line":46,"column":6},"end":{"line":48,"column":null}},"19":{"start":{"line":47,"column":8},"end":{"line":47,"column":25}},"20":{"start":{"line":49,"column":6},"end":{"line":49,"column":19}}},"fnMap":{"0":{"name":"(anonymous_7)","decl":{"start":{"line":10,"column":4},"end":{"line":10,"column":null}},"loc":{"start":{"line":11,"column":42},"end":{"line":12,"column":7}}},"1":{"name":"(anonymous_8)","decl":{"start":{"line":14,"column":10},"end":{"line":14,"column":24}},"loc":{"start":{"line":14,"column":56},"end":{"line":23,"column":null}}},"2":{"name":"(anonymous_10)","decl":{"start":{"line":25,"column":10},"end":{"line":25,"column":16}},"loc":{"start":{"line":25,"column":62},"end":{"line":33,"column":null}}},"3":{"name":"(anonymous_12)","decl":{"start":{"line":35,"column":10},"end":{"line":35,"column":21}},"loc":{"start":{"line":35,"column":31},"end":{"line":41,"column":null}}},"4":{"name":"stringify","decl":{"start":{"line":44,"column":13},"end":{"line":44,"column":22}},"loc":{"start":{"line":44,"column":53},"end":{"line":51,"column":1}}},"5":{"name":"(anonymous_15)","decl":{"start":{"line":45,"column":34},"end":{"line":45,"column":35}},"loc":{"start":{"line":45,"column":49},"end":{"line":50,"column":5}}}},"branchMap":{"0":{"loc":{"start":{"line":16,"column":8},"end":{"line":18,"column":null}},"type":"if","locations":[{"start":{"line":16,"column":8},"end":{"line":18,"column":null}}]},"1":{"loc":{"start":{"line":19,"column":8},"end":{"line":21,"column":null}},"type":"if","locations":[{"start":{"line":19,"column":8},"end":{"line":21,"column":null}}]},"2":{"loc":{"start":{"line":26,"column":8},"end":{"line":28,"column":null}},"type":"if","locations":[{"start":{"line":26,"column":8},"end":{"line":28,"column":null}}]},"3":{"loc":{"start":{"line":29,"column":8},"end":{"line":31,"column":null}},"type":"if","locations":[{"start":{"line":29,"column":8},"end":{"line":31,"column":null}}]},"4":{"loc":{"start":{"line":37,"column":8},"end":{"line":39,"column":null}},"type":"if","locations":[{"start":{"line":37,"column":8},"end":{"line":39,"column":null}}]},"5":{"loc":{"start":{"line":46,"column":6},"end":{"line":48,"column":null}},"type":"if","locations":[{"start":{"line":46,"column":6},"end":{"line":48,"column":null}}]}},"s":{"0":8,"1":3,"2":3,"3":1,"4":2,"5":1,"6":1,"7":3,"8":1,"9":2,"10":1,"11":1,"12":2,"13":2,"14":1,"15":1,"16":1,"17":1,"18":6,"19":3,"20":3},"f":{"0":8,"1":3,"2":3,"3":2,"4":1,"5":6},"b":{"0":[1],"1":[1],"2":[1],"3":[1],"4":[1],"5":[3]}}
}
