{"D:\\Users\\diogo\\Documents\\testes\\testes_automatizados\\testes_backend\\src\\Tools\\AuthTokenGenerator.ts": {"path":"D:\\Users\\diogo\\Documents\\testes\\testes_automatizados\\testes_backend\\src\\Tools\\AuthTokenGenerator.ts","statementMap":{"0":{"start":{"line":1,"column":0},"end":{"line":1,"column":28}},"1":{"start":{"line":3,"column":26},"end":{"line":5,"column":1}},"2":{"start":{"line":4,"column":2},"end":{"line":4,"column":48}},"3":{"start":{"line":6,"column":0},"end":{"line":6,"column":null}}},"fnMap":{"0":{"name":"(anonymous_1)","decl":{"start":{"line":3,"column":26},"end":{"line":3,"column":37}},"loc":{"start":{"line":3,"column":39},"end":{"line":5,"column":1}}}},"branchMap":{},"s":{"0":1,"1":1,"2":4,"3":1},"f":{"0":4},"b":{}}
,"D:\\Users\\diogo\\Documents\\testes\\testes_automatizados\\testes_backend\\src\\Tools\\sectionManager.ts": {"path":"D:\\Users\\diogo\\Documents\\testes\\testes_automatizados\\testes_backend\\src\\Tools\\sectionManager.ts","statementMap":{"0":{"start":{"line":3,"column":15},"end":{"line":3,"column":31}},"1":{"start":{"line":4,"column":15},"end":{"line":4,"column":28}},"2":{"start":{"line":16,"column":4},"end":{"line":16,"column":40}},"3":{"start":{"line":19,"column":20},"end":{"line":19,"column":101}},"4":{"start":{"line":19,"column":54},"end":{"line":19,"column":100}},"5":{"start":{"line":20,"column":8},"end":{"line":22,"column":null}},"6":{"start":{"line":21,"column":12},"end":{"line":21,"column":25}},"7":{"start":{"line":23,"column":27},"end":{"line":23,"column":56}},"8":{"start":{"line":24,"column":8},"end":{"line":24,"column":45}},"9":{"start":{"line":25,"column":8},"end":{"line":25,"column":20}},"10":{"start":{"line":28,"column":20},"end":{"line":28,"column":79}},"11":{"start":{"line":28,"column":54},"end":{"line":28,"column":78}},"12":{"start":{"line":29,"column":8},"end":{"line":31,"column":null}},"13":{"start":{"line":30,"column":12},"end":{"line":30,"column":22}},"14":{"start":{"line":32,"column":8},"end":{"line":32,"column":49}},"15":{"start":{"line":35,"column":20},"end":{"line":35,"column":79}},"16":{"start":{"line":35,"column":54},"end":{"line":35,"column":78}},"17":{"start":{"line":36,"column":8},"end":{"line":38,"column":null}},"18":{"start":{"line":37,"column":12},"end":{"line":37,"column":25}},"19":{"start":{"line":39,"column":8},"end":{"line":39,"column":42}},"20":{"start":{"line":40,"column":8},"end":{"line":40,"column":20}},"21":{"start":{"line":44,"column":0},"end":{"line":44,"column":30}}},"fnMap":{"0":{"name":"(anonymous_0)","decl":{"start":{"line":2,"column":4},"end":{"line":2,"column":null}},"loc":{"start":{"line":4,"column":28},"end":{"line":5,"column":7}}},"1":{"name":"(anonymous_1)","decl":{"start":{"line":15,"column":1},"end":{"line":15,"column":7}},"loc":{"start":{"line":15,"column":1},"end":{"line":42,"column":1}}},"2":{"name":"(anonymous_2)","decl":{"start":{"line":18,"column":4},"end":{"line":18,"column":17}},"loc":{"start":{"line":18,"column":48},"end":{"line":26,"column":5}}},"3":{"name":"(anonymous_3)","decl":{"start":{"line":19,"column":50},"end":{"line":19,"column":51}},"loc":{"start":{"line":19,"column":54},"end":{"line":19,"column":100}}},"4":{"name":"(anonymous_4)","decl":{"start":{"line":27,"column":4},"end":{"line":27,"column":11}},"loc":{"start":{"line":27,"column":28},"end":{"line":33,"column":5}}},"5":{"name":"(anonymous_5)","decl":{"start":{"line":28,"column":50},"end":{"line":28,"column":51}},"loc":{"start":{"line":28,"column":54},"end":{"line":28,"column":78}}},"6":{"name":"(anonymous_6)","decl":{"start":{"line":34,"column":4},"end":{"line":34,"column":18}},"loc":{"start":{"line":34,"column":35},"end":{"line":41,"column":5}}},"7":{"name":"(anonymous_7)","decl":{"start":{"line":35,"column":50},"end":{"line":35,"column":51}},"loc":{"start":{"line":35,"column":54},"end":{"line":35,"column":78}}}},"branchMap":{"0":{"loc":{"start":{"line":19,"column":54},"end":{"line":19,"column":100}},"type":"binary-expr","locations":[{"start":{"line":19,"column":54},"end":{"line":19,"column":78}},{"start":{"line":19,"column":82},"end":{"line":19,"column":100}}]},"1":{"loc":{"start":{"line":20,"column":8},"end":{"line":22,"column":null}},"type":"if","locations":[{"start":{"line":20,"column":8},"end":{"line":22,"column":null}}]},"2":{"loc":{"start":{"line":29,"column":8},"end":{"line":31,"column":null}},"type":"if","locations":[{"start":{"line":29,"column":8},"end":{"line":31,"column":null}}]},"3":{"loc":{"start":{"line":36,"column":8},"end":{"line":38,"column":null}},"type":"if","locations":[{"start":{"line":36,"column":8},"end":{"line":38,"column":null}}]}},"s":{"0":4,"1":4,"2":6,"3":6,"4":2,"5":6,"6":2,"7":4,"8":4,"9":4,"10":2,"11":1,"12":2,"13":1,"14":1,"15":2,"16":1,"17":2,"18":1,"19":1,"20":1,"21":1},"f":{"0":4,"1":6,"2":6,"3":2,"4":2,"5":1,"6":2,"7":1},"b":{"0":[2,1],"1":[2],"2":[1],"3":[1]}}
}
