TN:
SF:src\Databases\UserDatabase.ts
FN:19,(anonymous_7)
FN:24,(anonymous_8)
FN:35,(anonymous_9)
FN:39,(anonymous_10)
FN:50,(anonymous_11)
FN:51,(anonymous_12)
FN:54,(anonymous_13)
FN:55,(anonymous_14)
FN:58,(anonymous_15)
FN:59,(anonymous_16)
FN:68,(anonymous_17)
FN:69,(anonymous_18)
FN:72,(anonymous_19)
FN:74,(anonymous_20)
FN:80,(anonymous_21)
FN:81,(anonymous_22)
FN:86,(anonymous_23)
FN:95,(anonymous_24)
FN:96,(anonymous_25)
FN:101,(anonymous_26)
FNF:20
FNH:20
FNDA:24,(anonymous_7)
FNDA:24,(anonymous_8)
FNDA:19,(anonymous_9)
FNDA:16,(anonymous_10)
FNDA:2,(anonymous_11)
FNDA:2,(anonymous_12)
FNDA:3,(anonymous_13)
FNDA:3,(anonymous_14)
FNDA:2,(anonymous_15)
FNDA:3,(anonymous_16)
FNDA:16,(anonymous_17)
FNDA:2,(anonymous_18)
FNDA:7,(anonymous_19)
FNDA:7,(anonymous_20)
FNDA:7,(anonymous_21)
FNDA:7,(anonymous_22)
FNDA:1,(anonymous_23)
FNDA:4,(anonymous_24)
FNDA:4,(anonymous_25)
FNDA:2,(anonymous_26)
DA:1,1
DA:2,1
DA:19,24
DA:20,24
DA:21,24
DA:25,24
DA:26,24
DA:27,22
DA:28,19
DA:29,19
DA:32,5
DA:36,19
DA:40,16
DA:41,1
DA:43,15
DA:44,15
DA:45,15
DA:46,15
DA:47,15
DA:51,2
DA:55,3
DA:59,3
DA:60,2
DA:61,1
DA:62,1
DA:63,1
DA:65,1
DA:69,16
DA:74,7
DA:75,7
DA:76,1
DA:78,6
DA:81,7
DA:82,7
DA:83,1
DA:86,6
DA:87,6
DA:88,1
DA:89,1
DA:90,1
DA:92,5
DA:93,5
DA:96,4
DA:97,4
DA:98,1
DA:101,3
DA:102,3
DA:103,2
DA:104,2
DA:105,2
DA:107,2
DA:108,2
DA:110,1
DA:114,1
LF:54
LH:54
BRDA:19,0,0,1
BRDA:28,1,0,19
BRDA:40,2,0,1
BRDA:43,3,0,14
BRDA:43,3,1,1
BRDA:60,4,0,1
BRDA:75,5,0,1
BRDA:82,6,0,1
BRDA:87,7,0,1
BRDA:97,8,0,1
BRDA:102,9,0,2
BRDA:104,10,0,2
BRF:12
BRH:12
end_of_record
TN:
SF:src\Databases\productsDatabase.ts
FN:14,(anonymous_1)
FN:16,(anonymous_2)
FN:28,(anonymous_3)
FN:29,(anonymous_4)
FN:32,(anonymous_5)
FN:33,(anonymous_6)
FN:36,(anonymous_7)
FNF:7
FNH:7
FNDA:10,(anonymous_1)
FNDA:64,(anonymous_2)
FNDA:2,(anonymous_3)
FNDA:8,(anonymous_4)
FNDA:2,(anonymous_5)
FNDA:9,(anonymous_6)
FNDA:2,(anonymous_7)
DA:1,1
DA:2,1
DA:11,1
DA:14,10
DA:15,10
DA:17,64
DA:29,8
DA:33,9
DA:37,2
DA:38,2
DA:39,2
DA:40,2
DA:41,2
LF:13
LH:13
BRDA:14,0,0,1
BRF:1
BRH:1
end_of_record
TN:
SF:src\Entities\storeItem.ts
FN:11,(anonymous_0)
FNF:1
FNH:1
FNDA:112,(anonymous_0)
DA:12,112
DA:13,112
DA:14,112
DA:15,112
DA:16,112
DA:17,112
DA:21,1
LF:7
LH:7
BRF:0
BRH:0
end_of_record
TN:
SF:src\Entities\user.ts
FN:11,(anonymous_0)
FNF:1
FNH:1
FNDA:26,(anonymous_0)
DA:9,26
DA:12,26
DA:13,26
DA:14,26
DA:15,26
DA:18,1
LF:6
LH:6
BRF:0
BRH:0
end_of_record
TN:
SF:src\Tools\AuthTokenGenerator.ts
FN:3,(anonymous_1)
FNF:1
FNH:1
FNDA:4,(anonymous_1)
DA:1,1
DA:3,1
DA:4,4
DA:6,1
LF:4
LH:4
BRF:0
BRH:0
end_of_record
TN:
SF:src\useCases\cartManagement.ts
FN:10,(anonymous_7)
FN:12,(anonymous_8)
FN:20,(anonymous_10)
FN:28,(anonymous_12)
FNF:4
FNH:4
FNDA:6,(anonymous_7)
FNDA:2,(anonymous_8)
FNDA:2,(anonymous_10)
FNDA:2,(anonymous_12)
DA:9,1
DA:10,6
DA:13,2
DA:14,2
DA:15,1
DA:17,1
DA:21,2
DA:22,2
DA:23,1
DA:25,1
DA:29,2
DA:30,2
DA:31,1
DA:33,1
LF:14
LH:14
BRDA:14,0,0,1
BRDA:22,1,0,1
BRDA:30,2,0,1
BRF:3
BRH:3
end_of_record
TN:
SF:src\useCases\productFinder.ts
FN:10,(anonymous_7)
FN:12,(anonymous_8)
FN:20,(anonymous_10)
FN:28,(anonymous_12)
FNF:4
FNH:4
FNDA:6,(anonymous_7)
FNDA:2,(anonymous_8)
FNDA:2,(anonymous_10)
FNDA:2,(anonymous_12)
DA:9,1
DA:10,6
DA:13,2
DA:14,2
DA:15,1
DA:17,1
DA:21,2
DA:22,2
DA:23,1
DA:25,1
DA:29,2
DA:30,2
DA:31,1
DA:33,1
LF:14
LH:14
BRDA:14,0,0,1
BRDA:22,1,0,1
BRDA:30,2,0,1
BRF:3
BRH:3
end_of_record
TN:
SF:src\useCases\sectionManager.ts
FN:2,(anonymous_0)
FN:14,(anonymous_1)
FN:17,(anonymous_2)
FN:18,(anonymous_3)
FN:26,(anonymous_4)
FN:27,(anonymous_5)
FN:33,(anonymous_6)
FN:34,(anonymous_7)
FNF:8
FNH:8
FNDA:4,(anonymous_0)
FNDA:6,(anonymous_1)
FNDA:6,(anonymous_2)
FNDA:2,(anonymous_3)
FNDA:2,(anonymous_4)
FNDA:1,(anonymous_5)
FNDA:2,(anonymous_6)
FNDA:1,(anonymous_7)
DA:1,1
DA:3,4
DA:4,4
DA:14,1
DA:15,6
DA:18,6
DA:19,6
DA:20,2
DA:22,4
DA:23,4
DA:24,4
DA:27,2
DA:28,2
DA:29,1
DA:31,1
DA:34,2
DA:35,2
DA:36,1
DA:38,1
DA:39,1
LF:20
LH:20
BRDA:18,0,0,2
BRDA:18,0,1,1
BRDA:19,1,0,2
BRDA:28,2,0,1
BRDA:35,3,0,1
BRF:5
BRH:5
end_of_record
TN:
SF:src\useCases\userManagement.ts
FN:10,(anonymous_7)
FN:14,(anonymous_8)
FN:25,(anonymous_10)
FN:35,(anonymous_12)
FN:44,stringify
FN:45,(anonymous_15)
FNF:6
FNH:6
FNDA:8,(anonymous_7)
FNDA:3,(anonymous_8)
FNDA:3,(anonymous_10)
FNDA:2,(anonymous_12)
FNDA:1,stringify
FNDA:6,(anonymous_15)
DA:9,1
DA:11,8
DA:15,3
DA:16,3
DA:17,1
DA:19,2
DA:20,1
DA:22,1
DA:26,3
DA:27,1
DA:29,2
DA:30,1
DA:32,1
DA:36,2
DA:37,2
DA:38,1
DA:40,1
DA:45,1
DA:46,6
DA:47,3
DA:49,3
LF:21
LH:21
BRDA:16,0,0,1
BRDA:19,1,0,1
BRDA:26,2,0,1
BRDA:29,3,0,1
BRDA:37,4,0,1
BRDA:46,5,0,3
BRF:6
BRH:6
end_of_record
