TN:
SF:src\Tools\AuthTokenGenerator.ts
FN:3,(anonymous_1)
FNF:1
FNH:1
FNDA:4,(anonymous_1)
DA:1,1
DA:3,1
DA:4,4
DA:6,1
LF:4
LH:4
BRF:0
BRH:0
end_of_record
TN:
SF:src\Tools\sectionManager.ts
FN:2,(anonymous_0)
FN:15,(anonymous_1)
FN:18,(anonymous_2)
FN:19,(anonymous_3)
FN:27,(anonymous_4)
FN:28,(anonymous_5)
FN:34,(anonymous_6)
FN:35,(anonymous_7)
FNF:8
FNH:8
FNDA:4,(anonymous_0)
FNDA:6,(anonymous_1)
FNDA:6,(anonymous_2)
FNDA:2,(anonymous_3)
FNDA:2,(anonymous_4)
FNDA:1,(anonymous_5)
FNDA:2,(anonymous_6)
FNDA:1,(anonymous_7)
DA:3,4
DA:4,4
DA:16,6
DA:19,6
DA:20,6
DA:21,2
DA:23,4
DA:24,4
DA:25,4
DA:28,2
DA:29,2
DA:30,1
DA:32,1
DA:35,2
DA:36,2
DA:37,1
DA:39,1
DA:40,1
DA:44,1
LF:19
LH:19
BRDA:19,0,0,2
BRDA:19,0,1,1
BRDA:20,1,0,2
BRDA:29,2,0,1
BRDA:36,3,0,1
BRF:5
BRH:5
end_of_record
